<?xml version="1.0" encoding="UTF-8"?>
<testsuite xmlns:xsi="http://www.w3.org/2001/XMLSchema-instance" xsi:noNamespaceSchemaLocation="https://maven.apache.org/surefire/maven-surefire-plugin/xsd/surefire-test-report.xsd" name="com.micx.apitest.apiframework.cases.RentAreaReportTest" time="4.634" tests="1" errors="1" skipped="0" failures="0">
  <properties>
    <property name="sun.desktop" value="windows"/>
    <property name="awt.toolkit" value="sun.awt.windows.WToolkit"/>
    <property name="java.specification.version" value="11"/>
    <property name="sun.cpu.isalist" value="amd64"/>
    <property name="sun.jnu.encoding" value="GBK"/>
    <property name="java.class.path" value="D:\WorkSpace\java_workspace\api-test\target\test-classes;D:\WorkSpace\java_workspace\api-test\target\classes;D:\programs\.m2\repository\org\projectlombok\lombok\1.18.22\lombok-1.18.22.jar;D:\programs\.m2\repository\org\junit\platform\junit-platform-launcher\1.8.2\junit-platform-launcher-1.8.2.jar;D:\programs\.m2\repository\org\junit\platform\junit-platform-engine\1.8.2\junit-platform-engine-1.8.2.jar;D:\programs\.m2\repository\org\opentest4j\opentest4j\1.2.0\opentest4j-1.2.0.jar;D:\programs\.m2\repository\org\junit\platform\junit-platform-commons\1.8.2\junit-platform-commons-1.8.2.jar;D:\programs\.m2\repository\org\apiguardian\apiguardian-api\1.1.2\apiguardian-api-1.1.2.jar;D:\programs\.m2\repository\org\junit\jupiter\junit-jupiter-engine\5.8.2\junit-jupiter-engine-5.8.2.jar;D:\programs\.m2\repository\org\junit\jupiter\junit-jupiter-api\5.8.2\junit-jupiter-api-5.8.2.jar;D:\programs\.m2\repository\org\junit\vintage\junit-vintage-engine\5.8.2\junit-vintage-engine-5.8.2.jar;D:\programs\.m2\repository\junit\junit\4.13.2\junit-4.13.2.jar;D:\programs\.m2\repository\org\hamcrest\hamcrest-core\1.3\hamcrest-core-1.3.jar;D:\programs\.m2\repository\org\junit\jupiter\junit-jupiter-params\5.8.2\junit-jupiter-params-5.8.2.jar;D:\programs\.m2\repository\org\junit\platform\junit-platform-runner\1.8.2\junit-platform-runner-1.8.2.jar;D:\programs\.m2\repository\org\junit\platform\junit-platform-suite-api\1.8.2\junit-platform-suite-api-1.8.2.jar;D:\programs\.m2\repository\org\junit\platform\junit-platform-suite-commons\1.8.2\junit-platform-suite-commons-1.8.2.jar;D:\programs\.m2\repository\io\qameta\allure\allure-junit5\2.17.3\allure-junit5-2.17.3.jar;D:\programs\.m2\repository\io\qameta\allure\allure-junit-platform\2.17.3\allure-junit-platform-2.17.3.jar;D:\programs\.m2\repository\io\qameta\allure\allure-java-commons\2.17.3\allure-java-commons-2.17.3.jar;D:\programs\.m2\repository\io\qameta\allure\allure-model\2.17.3\allure-model-2.17.3.jar;D:\programs\.m2\repository\io\qameta\allure\allure-test-filter\2.17.3\allure-test-filter-2.17.3.jar;D:\programs\.m2\repository\com\alibaba\fastjson2\fastjson2\2.0.19\fastjson2-2.0.19.jar;D:\programs\.m2\repository\io\rest-assured\rest-assured\4.5.1\rest-assured-4.5.1.jar;D:\programs\.m2\repository\org\codehaus\groovy\groovy\3.0.9\groovy-3.0.9.jar;D:\programs\.m2\repository\org\codehaus\groovy\groovy-xml\3.0.9\groovy-xml-3.0.9.jar;D:\programs\.m2\repository\org\apache\httpcomponents\httpclient\4.5.13\httpclient-4.5.13.jar;D:\programs\.m2\repository\org\apache\httpcomponents\httpcore\4.4.13\httpcore-4.4.13.jar;D:\programs\.m2\repository\commons-logging\commons-logging\1.2\commons-logging-1.2.jar;D:\programs\.m2\repository\commons-codec\commons-codec\1.11\commons-codec-1.11.jar;D:\programs\.m2\repository\org\apache\httpcomponents\httpmime\4.5.13\httpmime-4.5.13.jar;D:\programs\.m2\repository\org\hamcrest\hamcrest\2.1\hamcrest-2.1.jar;D:\programs\.m2\repository\org\ccil\cowan\tagsoup\tagsoup\1.2.1\tagsoup-1.2.1.jar;D:\programs\.m2\repository\io\rest-assured\json-path\4.5.1\json-path-4.5.1.jar;D:\programs\.m2\repository\org\codehaus\groovy\groovy-json\3.0.9\groovy-json-3.0.9.jar;D:\programs\.m2\repository\io\rest-assured\rest-assured-common\4.5.1\rest-assured-common-4.5.1.jar;D:\programs\.m2\repository\io\rest-assured\xml-path\4.5.1\xml-path-4.5.1.jar;D:\programs\.m2\repository\org\apache\commons\commons-lang3\3.12.0\commons-lang3-3.12.0.jar;D:\programs\.m2\repository\com\fasterxml\jackson\core\jackson-databind\2.13.0\jackson-databind-2.13.0.jar;D:\programs\.m2\repository\com\fasterxml\jackson\core\jackson-annotations\2.13.0\jackson-annotations-2.13.0.jar;D:\programs\.m2\repository\com\fasterxml\jackson\core\jackson-core\2.13.0\jackson-core-2.13.0.jar;D:\programs\.m2\repository\com\fasterxml\jackson\dataformat\jackson-dataformat-yaml\2.9.9\jackson-dataformat-yaml-2.9.9.jar;D:\programs\.m2\repository\org\yaml\snakeyaml\1.23\snakeyaml-1.23.jar;D:\programs\.m2\repository\org\slf4j\slf4j-api\1.7.25\slf4j-api-1.7.25.jar;D:\programs\.m2\repository\ch\qos\logback\logback-core\1.1.11\logback-core-1.1.11.jar;D:\programs\.m2\repository\ch\qos\logback\logback-classic\1.1.11\logback-classic-1.1.11.jar;D:\programs\.m2\repository\mysql\mysql-connector-java\5.1.47\mysql-connector-java-5.1.47.jar;D:\programs\.m2\repository\commons-dbutils\commons-dbutils\1.7\commons-dbutils-1.7.jar;D:\programs\.m2\repository\c3p0\c3p0\0.9.1.2\c3p0-0.9.1.2.jar;D:\programs\.m2\repository\org\ini4j\ini4j\0.5.4\ini4j-0.5.4.jar;"/>
    <property name="java.vm.vendor" value="Oracle Corporation"/>
    <property name="sun.arch.data.model" value="64"/>
    <property name="user.variant" value=""/>
    <property name="java.vendor.url" value="https://openjdk.java.net/"/>
    <property name="user.timezone" value="Asia/Shanghai"/>
    <property name="java.vm.specification.version" value="11"/>
    <property name="os.name" value="Windows 11"/>
    <property name="sun.java.launcher" value="SUN_STANDARD"/>
    <property name="user.country" value="CN"/>
    <property name="allure.link.issue.pattern" value="https://example.org/issue/{}"/>
    <property name="sun.boot.library.path" value="D:\programs\Java\jdk-11\bin"/>
    <property name="sun.java.command" value="C:\Users\Jenny\AppData\Local\Temp\surefire6295902472750345179\surefirebooter5036894901611599546.jar C:\Users\Jenny\AppData\Local\Temp\surefire6295902472750345179 2023-09-11T11-36-17_723-jvmRun1 surefire10901095802629888920tmp surefire_017279874859700899945tmp"/>
    <property name="jdk.debug" value="release"/>
    <property name="surefire.test.class.path" value="D:\WorkSpace\java_workspace\api-test\target\test-classes;D:\WorkSpace\java_workspace\api-test\target\classes;D:\programs\.m2\repository\org\projectlombok\lombok\1.18.22\lombok-1.18.22.jar;D:\programs\.m2\repository\org\junit\platform\junit-platform-launcher\1.8.2\junit-platform-launcher-1.8.2.jar;D:\programs\.m2\repository\org\junit\platform\junit-platform-engine\1.8.2\junit-platform-engine-1.8.2.jar;D:\programs\.m2\repository\org\opentest4j\opentest4j\1.2.0\opentest4j-1.2.0.jar;D:\programs\.m2\repository\org\junit\platform\junit-platform-commons\1.8.2\junit-platform-commons-1.8.2.jar;D:\programs\.m2\repository\org\apiguardian\apiguardian-api\1.1.2\apiguardian-api-1.1.2.jar;D:\programs\.m2\repository\org\junit\jupiter\junit-jupiter-engine\5.8.2\junit-jupiter-engine-5.8.2.jar;D:\programs\.m2\repository\org\junit\jupiter\junit-jupiter-api\5.8.2\junit-jupiter-api-5.8.2.jar;D:\programs\.m2\repository\org\junit\vintage\junit-vintage-engine\5.8.2\junit-vintage-engine-5.8.2.jar;D:\programs\.m2\repository\junit\junit\4.13.2\junit-4.13.2.jar;D:\programs\.m2\repository\org\hamcrest\hamcrest-core\1.3\hamcrest-core-1.3.jar;D:\programs\.m2\repository\org\junit\jupiter\junit-jupiter-params\5.8.2\junit-jupiter-params-5.8.2.jar;D:\programs\.m2\repository\org\junit\platform\junit-platform-runner\1.8.2\junit-platform-runner-1.8.2.jar;D:\programs\.m2\repository\org\junit\platform\junit-platform-suite-api\1.8.2\junit-platform-suite-api-1.8.2.jar;D:\programs\.m2\repository\org\junit\platform\junit-platform-suite-commons\1.8.2\junit-platform-suite-commons-1.8.2.jar;D:\programs\.m2\repository\io\qameta\allure\allure-junit5\2.17.3\allure-junit5-2.17.3.jar;D:\programs\.m2\repository\io\qameta\allure\allure-junit-platform\2.17.3\allure-junit-platform-2.17.3.jar;D:\programs\.m2\repository\io\qameta\allure\allure-java-commons\2.17.3\allure-java-commons-2.17.3.jar;D:\programs\.m2\repository\io\qameta\allure\allure-model\2.17.3\allure-model-2.17.3.jar;D:\programs\.m2\repository\io\qameta\allure\allure-test-filter\2.17.3\allure-test-filter-2.17.3.jar;D:\programs\.m2\repository\com\alibaba\fastjson2\fastjson2\2.0.19\fastjson2-2.0.19.jar;D:\programs\.m2\repository\io\rest-assured\rest-assured\4.5.1\rest-assured-4.5.1.jar;D:\programs\.m2\repository\org\codehaus\groovy\groovy\3.0.9\groovy-3.0.9.jar;D:\programs\.m2\repository\org\codehaus\groovy\groovy-xml\3.0.9\groovy-xml-3.0.9.jar;D:\programs\.m2\repository\org\apache\httpcomponents\httpclient\4.5.13\httpclient-4.5.13.jar;D:\programs\.m2\repository\org\apache\httpcomponents\httpcore\4.4.13\httpcore-4.4.13.jar;D:\programs\.m2\repository\commons-logging\commons-logging\1.2\commons-logging-1.2.jar;D:\programs\.m2\repository\commons-codec\commons-codec\1.11\commons-codec-1.11.jar;D:\programs\.m2\repository\org\apache\httpcomponents\httpmime\4.5.13\httpmime-4.5.13.jar;D:\programs\.m2\repository\org\hamcrest\hamcrest\2.1\hamcrest-2.1.jar;D:\programs\.m2\repository\org\ccil\cowan\tagsoup\tagsoup\1.2.1\tagsoup-1.2.1.jar;D:\programs\.m2\repository\io\rest-assured\json-path\4.5.1\json-path-4.5.1.jar;D:\programs\.m2\repository\org\codehaus\groovy\groovy-json\3.0.9\groovy-json-3.0.9.jar;D:\programs\.m2\repository\io\rest-assured\rest-assured-common\4.5.1\rest-assured-common-4.5.1.jar;D:\programs\.m2\repository\io\rest-assured\xml-path\4.5.1\xml-path-4.5.1.jar;D:\programs\.m2\repository\org\apache\commons\commons-lang3\3.12.0\commons-lang3-3.12.0.jar;D:\programs\.m2\repository\com\fasterxml\jackson\core\jackson-databind\2.13.0\jackson-databind-2.13.0.jar;D:\programs\.m2\repository\com\fasterxml\jackson\core\jackson-annotations\2.13.0\jackson-annotations-2.13.0.jar;D:\programs\.m2\repository\com\fasterxml\jackson\core\jackson-core\2.13.0\jackson-core-2.13.0.jar;D:\programs\.m2\repository\com\fasterxml\jackson\dataformat\jackson-dataformat-yaml\2.9.9\jackson-dataformat-yaml-2.9.9.jar;D:\programs\.m2\repository\org\yaml\snakeyaml\1.23\snakeyaml-1.23.jar;D:\programs\.m2\repository\org\slf4j\slf4j-api\1.7.25\slf4j-api-1.7.25.jar;D:\programs\.m2\repository\ch\qos\logback\logback-core\1.1.11\logback-core-1.1.11.jar;D:\programs\.m2\repository\ch\qos\logback\logback-classic\1.1.11\logback-classic-1.1.11.jar;D:\programs\.m2\repository\mysql\mysql-connector-java\5.1.47\mysql-connector-java-5.1.47.jar;D:\programs\.m2\repository\commons-dbutils\commons-dbutils\1.7\commons-dbutils-1.7.jar;D:\programs\.m2\repository\c3p0\c3p0\0.9.1.2\c3p0-0.9.1.2.jar;D:\programs\.m2\repository\org\ini4j\ini4j\0.5.4\ini4j-0.5.4.jar;"/>
    <property name="sun.cpu.endian" value="little"/>
    <property name="allure.results.directory" value="D:\WorkSpace\java_workspace\api-test\target/allure-results"/>
    <property name="user.home" value="C:\Users\Jenny"/>
    <property name="user.language" value="zh"/>
    <property name="java.specification.vendor" value="Oracle Corporation"/>
    <property name="java.version.date" value="2023-01-17"/>
    <property name="java.home" value="D:\programs\Java\jdk-11"/>
    <property name="file.separator" value="\"/>
    <property name="basedir" value="D:\WorkSpace\java_workspace\api-test"/>
    <property name="java.vm.compressedOopsMode" value="Zero based"/>
    <property name="line.separator" value="&#10;"/>
    <property name="java.specification.name" value="Java Platform API Specification"/>
    <property name="java.vm.specification.vendor" value="Oracle Corporation"/>
    <property name="java.awt.graphicsenv" value="sun.awt.Win32GraphicsEnvironment"/>
    <property name="surefire.real.class.path" value="C:\Users\Jenny\AppData\Local\Temp\surefire6295902472750345179\surefirebooter5036894901611599546.jar"/>
    <property name="user.script" value=""/>
    <property name="sun.management.compiler" value="HotSpot 64-Bit Tiered Compilers"/>
    <property name="java.runtime.version" value="11.0.18+9-LTS-195"/>
    <property name="user.name" value="Jenny"/>
    <property name="path.separator" value=";"/>
    <property name="os.version" value="10.0"/>
    <property name="java.runtime.name" value="Java(TM) SE Runtime Environment"/>
    <property name="file.encoding" value="GBK"/>
    <property name="java.vm.name" value="Java HotSpot(TM) 64-Bit Server VM"/>
    <property name="java.vendor.version" value="18.9"/>
    <property name="localRepository" value="D:\programs\.m2\repository"/>
    <property name="java.vendor.url.bug" value="https://bugreport.java.com/bugreport/"/>
    <property name="java.io.tmpdir" value="C:\Users\Jenny\AppData\Local\Temp\"/>
    <property name="java.version" value="11.0.18"/>
    <property name="user.dir" value="D:\WorkSpace\java_workspace\api-test"/>
    <property name="os.arch" value="amd64"/>
    <property name="java.vm.specification.name" value="Java Virtual Machine Specification"/>
    <property name="java.awt.printerjob" value="sun.awt.windows.WPrinterJob"/>
    <property name="sun.os.patch.level" value=""/>
    <property name="java.library.path" value="D:\programs\Java\jdk-11\bin;C:\Windows\Sun\Java\bin;C:\Windows\system32;C:\Windows;D:\programs\Python37\Scripts\;D:\programs\Python37\;C:\Program Files\Common Files\Oracle\Java\javapath;C:\Program Files (x86)\Common Files\Oracle\Java\javapath;C:\Windows\system32;C:\Windows;C:\Windows\System32\Wbem;C:\Windows\System32\WindowsPowerShell\v1.0\;C:\Windows\System32\OpenSSH\;D:\programs\nodejs\;D:\programs\Java\jdk-11\bin;D:\programs\Git\cmd;D:\programs\Git\bin;D:\programs\allure-2.21.0\bin;D:\programs\apache-maven-3.6.1\bin;C:\Users\Jenny\AppData\Local\Microsoft\WindowsApps;C:\Users\Jenny\AppData\Roaming\npm;D:\programs\JetBrains\PyCharm Community Edition 2022.2.3\bin;;."/>
    <property name="java.vendor" value="Oracle Corporation"/>
    <property name="java.vm.info" value="mixed mode"/>
    <property name="java.vm.version" value="11.0.18+9-LTS-195"/>
    <property name="sun.io.unicode.encoding" value="UnicodeLittle"/>
    <property name="java.class.version" value="55.0"/>
  </properties>
  <testcase name="test_Case{TestCase}[1]" classname="com.micx.apitest.apiframework.cases.RentAreaReportTest" time="3.865">
    <error message="接口响应异常" type="java.lang.RuntimeException">java.lang.RuntimeException: 接口响应异常
	at com.micx.apitest.apiframework.cases.RentAreaReportTest.test_Case(RentAreaReportTest.java:67)
</error>
    <system-out><![CDATA[11:36:22.317 [ForkJoinPool-1-worker-5] INFO  c.m.a.a.e.TestCase - [lambda$run$2,89] - ==========================开始执行用例=============================
11:36:22.325 [ForkJoinPool-1-worker-5] INFO  c.m.a.a.e.TestCase - [lambda$run$2,90] - 开始执行用例名称：customers，描述：测试客户列表
11:36:22.325 [ForkJoinPool-1-worker-5] INFO  c.m.a.a.e.TestCase - [lambda$run$2,94] - 用例执行域名：null，环境：test
11:36:22.645 [ForkJoinPool-1-worker-5] INFO  c.m.a.a.entity.Steps - [run,100] - 替换实际参数：{}
11:36:22.653 [ForkJoinPool-1-worker-5] INFO  c.m.a.a.entity.Steps - [run,118] - ==================执行用例步骤开始================
11:36:22.653 [ForkJoinPool-1-worker-5] INFO  c.m.a.a.entity.Steps - [run,119] - 步骤名称：获取客户数据
https://apim-sharesvc-dev-apim-eas-01.azure-api.net/ftlife/api
Request method:	GET
Request URI:	https://apim-sharesvc-dev-apim-eas-01.azure-api.net/ftlife/api/customers?limit=2
Proxy:			<none>
Request params:	<none>
Query params:	limit=2
Form params:	<none>
Path params:	<none>
Headers:		User-Agent=PostmanRuntime/7.32.3
				Accept=*/*
Cookies:		<none>
Multiparts:		<none>
Body:			<none>
11:36:26.061 [ForkJoinPool-1-worker-5] INFO  c.m.a.a.entity.Steps - [run,126] - 接口响应：<!doctype html><html lang="en"><head><title>HTTP Status 404 – Not Found</title><style type="text/css">body {font-family:Tahoma,Arial,sans-serif;} h1, h2, h3, b {color:white;background-color:#525D76;} h1 {font-size:22px;} h2 {font-size:16px;} h3 {font-size:14px;} p {font-size:12px;} a {color:black;} .line {height:1px;background-color:#525D76;border:none;}</style></head><body><h1>HTTP Status 404 – Not Found</h1></body></html>
11:36:26.061 [ForkJoinPool-1-worker-5] ERROR c.m.a.a.entity.Steps - [run,149] - 接口响应异常：<!doctype html><html lang="en"><head><title>HTTP Status 404 – Not Found</title><style type="text/css">body {font-family:Tahoma,Arial,sans-serif;} h1, h2, h3, b {color:white;background-color:#525D76;} h1 {font-size:22px;} h2 {font-size:16px;} h3 {font-size:14px;} p {font-size:12px;} a {color:black;} .line {height:1px;background-color:#525D76;border:none;}</style></head><body><h1>HTTP Status 404 – Not Found</h1></body></html>
]]></system-out>
  </testcase>
</testsuite>